INFO 2023-03-23 07:03:21 run_with_reloader Watching for file changes with StatReloader
DEBUG 2023-03-23 07:03:29 profile Unauthorized access blocked.
WARNING 2023-03-23 07:03:30 log_response Not Found: /favicon.ico
INFO 2023-03-23 07:03:41 login User logged in.
WARNING 2023-03-23 07:04:00 sign_out User logged out.
WARNING 2023-03-23 07:10:08 log_response Not Found: /favicon.ico
INFO 2023-03-23 07:21:35 trigger_reload /home/mukul/Desktop/django-module/app_main/settings.py changed, reloading.
INFO 2023-03-23 07:21:35 run_with_reloader Watching for file changes with StatReloader
INFO 2023-03-23 07:21:45 trigger_reload /home/mukul/Desktop/django-module/app_main/settings.py changed, reloading.
INFO 2023-03-23 07:21:46 run_with_reloader Watching for file changes with StatReloader
INFO 2023-03-23 07:21:47 trigger_reload /home/mukul/Desktop/django-module/app_main/settings.py changed, reloading.
INFO 2023-03-23 07:21:47 run_with_reloader Watching for file changes with StatReloader
INFO 2023-03-23 07:21:54 trigger_reload /home/mukul/Desktop/django-module/app_main/settings.py changed, reloading.
INFO 2023-03-23 07:21:54 run_with_reloader Watching for file changes with StatReloader
INFO 2023-03-23 07:21:55 trigger_reload /home/mukul/Desktop/django-module/app_main/settings.py changed, reloading.
INFO 2023-03-23 07:21:56 run_with_reloader Watching for file changes with StatReloader
INFO 2023-03-23 07:21:57 trigger_reload /home/mukul/Desktop/django-module/app_main/settings.py changed, reloading.
INFO 2023-03-23 07:21:57 run_with_reloader Watching for file changes with StatReloader
INFO 2023-03-23 07:22:15 trigger_reload /home/mukul/Desktop/django-module/app_main/settings.py changed, reloading.
INFO 2023-03-23 07:22:15 run_with_reloader Watching for file changes with StatReloader
